<?xml version="1.0" encoding="UTF-8"?>
<!-- Generated by org.testng.reporters.JUnitReportReporter -->
<testsuite skipped="0" hostname="DESKTOP-N60QB27" name="tests.TestNGDemo" tests="1" failures="0" timestamp="2022-11-15T08:51:38 IST" time="7.318" errors="0">
  <testcase name="verifyPageTitle" time="7.318" classname="tests.TestNGDemo"/>
</testsuite> <!-- tests.TestNGDemo -->
