<?xml version="1.0" encoding="UTF-8"?>
<!-- Generated by org.testng.reporters.JUnitReportReporter -->
<testsuite skipped="0" hostname="DESKTOP-N60QB27" name="tests.TestNGParameterGoogleSearch" tests="1" failures="0" timestamp="2022-11-15T14:30:46 IST" time="23.429" errors="0">
  <testcase name="googleSearch" time="23.429" classname="tests.TestNGParameterGoogleSearch"/>
</testsuite> <!-- tests.TestNGParameterGoogleSearch -->
