<?xml version="1.0" encoding="UTF-8"?>
<!-- Generated by org.testng.reporters.JUnitReportReporter -->
<testsuite skipped="0" hostname="DESKTOP-N60QB27" name="tests.TestCase1" tests="2" failures="0" timestamp="2022-11-15T13:45:29 IST" time="0.023" errors="0">
  <testcase name="test1" time="0.019" classname="tests.TestCase1"/>
  <testcase name="test2" time="0.004" classname="tests.TestCase1"/>
</testsuite> <!-- tests.TestCase1 -->
