<?xml version="1.0" encoding="UTF-8"?>
<!-- Generated by org.testng.reporters.JUnitReportReporter -->
<testsuite skipped="0" hostname="DESKTOP-N60QB27" name="tests.MobileLoginPersonalLoan" tests="2" failures="0" timestamp="2022-11-15T13:00:56 IST" time="0.014" errors="0">
  <testcase name="mobileLogin1PersonalLogin" time="0.013" classname="tests.MobileLoginPersonalLoan"/>
  <testcase name="mobileLoginPersonalLogin" time="0.001" classname="tests.MobileLoginPersonalLoan"/>
</testsuite> <!-- tests.MobileLoginPersonalLoan -->
