<?xml version="1.0" encoding="UTF-8"?>
<!-- Generated by org.testng.reporters.JUnitReportReporter -->
<testsuite skipped="0" hostname="DESKTOP-N60QB27" name="tests.NewTest" tests="1" failures="0" timestamp="2022-11-15T08:51:38 IST" time="0.001" errors="0">
  <testcase name="f" time="0.001" classname="tests.NewTest"/>
</testsuite> <!-- tests.NewTest -->
