<?xml version="1.0" encoding="UTF-8"?>
<!-- Generated by org.testng.reporters.JUnitReportReporter -->
<testsuite skipped="0" hostname="DESKTOP-N60QB27" name="tests.TestNGExample" tests="2" failures="0" timestamp="2022-11-15T08:51:38 IST" time="0.014" errors="0">
  <testcase name="test1" time="0.012" classname="tests.TestNGExample"/>
  <testcase name="test2" time="0.002" classname="tests.TestNGExample"/>
</testsuite> <!-- tests.TestNGExample -->
