<?xml version="1.0" encoding="UTF-8"?>
<!-- Generated by org.testng.reporters.JUnitReportReporter -->
<testsuite skipped="0" hostname="DESKTOP-N60QB27" name="tests.TestCase2" tests="2" failures="0" timestamp="2022-11-15T13:45:29 IST" time="0.002" errors="0">
  <testcase name="test4" time="0.001" classname="tests.TestCase2"/>
  <testcase name="test3" time="0.001" classname="tests.TestCase2"/>
</testsuite> <!-- tests.TestCase2 -->
