<?xml version="1.0" encoding="UTF-8"?>
<!-- Generated by org.testng.reporters.JUnitReportReporter -->
<testsuite skipped="0" hostname="DESKTOP-N60QB27" name="tests.DataProviderDemo" tests="3" failures="0" timestamp="2022-11-15T14:57:18 IST" time="119.875" errors="0">
  <testcase name="testGoogleSearch" time="35.134" classname="tests.DataProviderDemo"/>
  <testcase name="testGoogleSearch" time="45.256" classname="tests.DataProviderDemo"/>
  <testcase name="testGoogleSearch" time="39.485" classname="tests.DataProviderDemo"/>
</testsuite> <!-- tests.DataProviderDemo -->
