<?xml version="1.0" encoding="UTF-8"?>
<!-- Generated by org.testng.reporters.JUnitReportReporter -->
<testsuite skipped="0" hostname="DESKTOP-N60QB27" name="tests.Auth" tests="1" failures="0" timestamp="2022-11-15T08:51:38 IST" time="11.911" errors="0">
  <testcase name="auth" time="11.911" classname="tests.Auth"/>
</testsuite> <!-- tests.Auth -->
